TN:
SF:script/DeployMultiSigWallet.s.sol
FN:8,DeployMultiSigWallet.run
FNDA:0,DeployMultiSigWallet.run
DA:15,0
DA:16,0
DA:17,0
DA:18,0
DA:20,0
DA:21,0
DA:22,0
DA:23,0
DA:25,0
DA:27,0
DA:28,0
FNF:1
FNH:0
LF:11
LH:0
BRF:0
BRH:0
end_of_record
TN:
SF:src/MultiSigWallet.sol
FN:58,MultiSigWallet.onlySigner
FNDA:4,MultiSigWallet.onlySigner
DA:58,4
BRDA:58,0,0,1
BRDA:58,0,1,4
FN:62,MultiSigWallet.txExists
FNDA:12,MultiSigWallet.txExists
DA:64,12
BRDA:64,1,0,-
BRDA:64,1,1,4
FN:70,MultiSigWallet.notExecuted
FNDA:12,MultiSigWallet.notExecuted
DA:70,12
BRDA:70,2,0,1
BRDA:70,2,1,3
FN:79,MultiSigWallet.
FNDA:21,MultiSigWallet.
DA:79,21
BRDA:79,3,0,-
BRDA:79,3,1,21
DA:81,21
BRDA:81,4,0,-
BRDA:81,4,1,21
DA:82,21
DA:84,63
BRDA:84,5,0,-
BRDA:84,5,1,63
DA:85,63
BRDA:85,6,0,-
BRDA:85,6,1,63
DA:86,63
DA:87,63
DA:89,21
FN:98,MultiSigWallet.submitTransaction
FNDA:11,MultiSigWallet.submitTransaction
DA:103,11
DA:105,11
DA:114,11
FN:120,MultiSigWallet.approveTransaction
FNDA:13,MultiSigWallet.approveTransaction
DA:124,12
BRDA:124,7,0,1
BRDA:124,7,1,11
DA:128,11
DA:130,11
FN:136,MultiSigWallet.revokeApproval
FNDA:3,MultiSigWallet.revokeApproval
DA:140,2
BRDA:140,8,0,1
BRDA:140,8,1,1
DA:143,1
DA:144,1
DA:146,1
FN:151,MultiSigWallet.executeTransaction
FNDA:5,MultiSigWallet.executeTransaction
DA:156,3
BRDA:156,9,0,1
BRDA:156,9,1,2
DA:160,2
DA:163,2
DA:164,2
DA:167,2
BRDA:167,10,0,-
BRDA:167,10,1,2
DA:168,2
FN:176,MultiSigWallet.addSigner
FNDA:5,MultiSigWallet.addSigner
DA:176,4
BRDA:176,11,0,1
BRDA:176,11,1,3
DA:177,3
BRDA:177,12,0,1
BRDA:177,12,1,2
DA:179,2
DA:181,2
DA:185,2
FN:190,MultiSigWallet.removeSigner
FNDA:4,MultiSigWallet.removeSigner
DA:193,3
BRDA:193,13,0,1
BRDA:193,13,1,2
DA:194,2
BRDA:194,14,0,1
BRDA:194,14,1,1
DA:198,1
DA:200,1
DA:201,3
DA:202,4
BRDA:202,15,0,1
DA:203,1
DA:205,1
DA:206,1
DA:209,1
DA:210,0
BRDA:210,16,0,-
DA:211,0
FN:216,MultiSigWallet.
FNDA:0,MultiSigWallet.
FNF:11
FNH:10
LF:44
LH:42
BRF:32
BRH:25
end_of_record
